2025-02-27T11:30:22.924+07:00  INFO 17068 --- [doantonghiep] [restartedMain] c.n.d.DoantonghiepApplication            : Starting DoantonghiepApplication using Java 21.0.2 with PID 17068 (D:\DATN_KhuatQuanDuong\doantonghiep\target\classes started by ninhn in D:\DATN_KhuatQuanDuong\doantonghiep)
2025-02-27T11:30:22.931+07:00  INFO 17068 --- [doantonghiep] [restartedMain] c.n.d.DoantonghiepApplication            : No active profile set, falling back to 1 default profile: "default"
2025-02-27T11:30:23.007+07:00  INFO 17068 --- [doantonghiep] [restartedMain] .e.DevToolsPropertyDefaultsPostProcessor : Devtools property defaults active! Set 'spring.devtools.add-properties' to 'false' to disable
2025-02-27T11:30:23.008+07:00  INFO 17068 --- [doantonghiep] [restartedMain] .e.DevToolsPropertyDefaultsPostProcessor : For additional web related logging consider setting the 'logging.level.web' property to 'DEBUG'
2025-02-27T11:30:24.165+07:00  INFO 17068 --- [doantonghiep] [restartedMain] .s.d.r.c.RepositoryConfigurationDelegate : Multiple Spring Data modules found, entering strict repository configuration mode
2025-02-27T11:30:24.167+07:00  INFO 17068 --- [doantonghiep] [restartedMain] .s.d.r.c.RepositoryConfigurationDelegate : Bootstrapping Spring Data JDBC repositories in DEFAULT mode.
2025-02-27T11:30:24.234+07:00  INFO 17068 --- [doantonghiep] [restartedMain] .RepositoryConfigurationExtensionSupport : Spring Data JDBC - Could not safely identify store assignment for repository candidate interface com.nckhntu.doantonghiep.Repository.AppointmentRepository; If you want this repository to be a JDBC repository, consider annotating your entities with one of these annotations: org.springframework.data.relational.core.mapping.Table.
2025-02-27T11:30:24.236+07:00  INFO 17068 --- [doantonghiep] [restartedMain] .RepositoryConfigurationExtensionSupport : Spring Data JDBC - Could not safely identify store assignment for repository candidate interface com.nckhntu.doantonghiep.Repository.ChatRepository; If you want this repository to be a JDBC repository, consider annotating your entities with one of these annotations: org.springframework.data.relational.core.mapping.Table.
2025-02-27T11:30:24.239+07:00  INFO 17068 --- [doantonghiep] [restartedMain] .RepositoryConfigurationExtensionSupport : Spring Data JDBC - Could not safely identify store assignment for repository candidate interface com.nckhntu.doantonghiep.Repository.LogRepository; If you want this repository to be a JDBC repository, consider annotating your entities with one of these annotations: org.springframework.data.relational.core.mapping.Table.
2025-02-27T11:30:24.242+07:00  INFO 17068 --- [doantonghiep] [restartedMain] .RepositoryConfigurationExtensionSupport : Spring Data JDBC - Could not safely identify store assignment for repository candidate interface com.nckhntu.doantonghiep.Repository.PetRepository; If you want this repository to be a JDBC repository, consider annotating your entities with one of these annotations: org.springframework.data.relational.core.mapping.Table.
2025-02-27T11:30:24.245+07:00  INFO 17068 --- [doantonghiep] [restartedMain] .RepositoryConfigurationExtensionSupport : Spring Data JDBC - Could not safely identify store assignment for repository candidate interface com.nckhntu.doantonghiep.Repository.ReviewRepository; If you want this repository to be a JDBC repository, consider annotating your entities with one of these annotations: org.springframework.data.relational.core.mapping.Table.
2025-02-27T11:30:24.248+07:00  INFO 17068 --- [doantonghiep] [restartedMain] .RepositoryConfigurationExtensionSupport : Spring Data JDBC - Could not safely identify store assignment for repository candidate interface com.nckhntu.doantonghiep.Repository.RoomRepository; If you want this repository to be a JDBC repository, consider annotating your entities with one of these annotations: org.springframework.data.relational.core.mapping.Table.
2025-02-27T11:30:24.250+07:00  INFO 17068 --- [doantonghiep] [restartedMain] .RepositoryConfigurationExtensionSupport : Spring Data JDBC - Could not safely identify store assignment for repository candidate interface com.nckhntu.doantonghiep.Repository.ServiceRepository; If you want this repository to be a JDBC repository, consider annotating your entities with one of these annotations: org.springframework.data.relational.core.mapping.Table.
2025-02-27T11:30:24.253+07:00  INFO 17068 --- [doantonghiep] [restartedMain] .RepositoryConfigurationExtensionSupport : Spring Data JDBC - Could not safely identify store assignment for repository candidate interface com.nckhntu.doantonghiep.Repository.UserBuyPetRepository; If you want this repository to be a JDBC repository, consider annotating your entities with one of these annotations: org.springframework.data.relational.core.mapping.Table.
2025-02-27T11:30:24.257+07:00  INFO 17068 --- [doantonghiep] [restartedMain] .RepositoryConfigurationExtensionSupport : Spring Data JDBC - Could not safely identify store assignment for repository candidate interface com.nckhntu.doantonghiep.Repository.UserRepository; If you want this repository to be a JDBC repository, consider annotating your entities with one of these annotations: org.springframework.data.relational.core.mapping.Table.
2025-02-27T11:30:24.258+07:00  INFO 17068 --- [doantonghiep] [restartedMain] .s.d.r.c.RepositoryConfigurationDelegate : Finished Spring Data repository scanning in 83 ms. Found 0 JDBC repository interfaces.
2025-02-27T11:30:24.271+07:00  INFO 17068 --- [doantonghiep] [restartedMain] .s.d.r.c.RepositoryConfigurationDelegate : Multiple Spring Data modules found, entering strict repository configuration mode
2025-02-27T11:30:24.272+07:00  INFO 17068 --- [doantonghiep] [restartedMain] .s.d.r.c.RepositoryConfigurationDelegate : Bootstrapping Spring Data JPA repositories in DEFAULT mode.
2025-02-27T11:30:24.481+07:00  INFO 17068 --- [doantonghiep] [restartedMain] .s.d.r.c.RepositoryConfigurationDelegate : Finished Spring Data repository scanning in 204 ms. Found 9 JPA repository interfaces.
2025-02-27T11:30:24.918+07:00  WARN 17068 --- [doantonghiep] [restartedMain] trationDelegate$BeanPostProcessorChecker : Bean 'org.springframework.ws.config.annotation.DelegatingWsConfiguration' of type [org.springframework.ws.config.annotation.DelegatingWsConfiguration$$SpringCGLIB$$0] is not eligible for getting processed by all BeanPostProcessors (for example: not eligible for auto-proxying). The currently created BeanPostProcessor [annotationActionEndpointMapping] is declared through a non-static factory method on that class; consider declaring it as static instead.
2025-02-27T11:30:24.953+07:00  INFO 17068 --- [doantonghiep] [restartedMain] .w.s.a.s.AnnotationActionEndpointMapping : Supporting [WS-Addressing August 2004, WS-Addressing 1.0]
2025-02-27T11:30:25.303+07:00  INFO 17068 --- [doantonghiep] [restartedMain] o.s.b.w.embedded.tomcat.TomcatWebServer  : Tomcat initialized with port 8080 (http)
2025-02-27T11:30:25.317+07:00  INFO 17068 --- [doantonghiep] [restartedMain] o.apache.catalina.core.StandardService   : Starting service [Tomcat]
2025-02-27T11:30:25.318+07:00  INFO 17068 --- [doantonghiep] [restartedMain] o.apache.catalina.core.StandardEngine    : Starting Servlet engine: [Apache Tomcat/10.1.34]
2025-02-27T11:30:25.377+07:00  INFO 17068 --- [doantonghiep] [restartedMain] o.a.c.c.C.[Tomcat].[localhost].[/]       : Initializing Spring embedded WebApplicationContext
2025-02-27T11:30:25.377+07:00  INFO 17068 --- [doantonghiep] [restartedMain] w.s.c.ServletWebServerApplicationContext : Root WebApplicationContext: initialization completed in 2368 ms
2025-02-27T11:30:25.581+07:00  INFO 17068 --- [doantonghiep] [restartedMain] o.hibernate.jpa.internal.util.LogHelper  : HHH000204: Processing PersistenceUnitInfo [name: default]
2025-02-27T11:30:25.644+07:00  INFO 17068 --- [doantonghiep] [restartedMain] org.hibernate.Version                    : HHH000412: Hibernate ORM core version 6.6.5.Final
2025-02-27T11:30:25.683+07:00  INFO 17068 --- [doantonghiep] [restartedMain] o.h.c.internal.RegionFactoryInitiator    : HHH000026: Second-level cache disabled
2025-02-27T11:30:25.978+07:00  INFO 17068 --- [doantonghiep] [restartedMain] o.s.o.j.p.SpringPersistenceUnitInfo      : No LoadTimeWeaver setup: ignoring JPA class transformer
2025-02-27T11:30:26.010+07:00  INFO 17068 --- [doantonghiep] [restartedMain] com.zaxxer.hikari.HikariDataSource       : HikariPool-1 - Starting...
2025-02-27T11:30:26.470+07:00  INFO 17068 --- [doantonghiep] [restartedMain] com.zaxxer.hikari.pool.HikariPool        : HikariPool-1 - Added connection ConnectionID:1 ClientConnectionId: 069176bc-67c2-4f8a-bf4b-3eca4809909c
2025-02-27T11:30:26.472+07:00  INFO 17068 --- [doantonghiep] [restartedMain] com.zaxxer.hikari.HikariDataSource       : HikariPool-1 - Start completed.
2025-02-27T11:30:26.498+07:00  WARN 17068 --- [doantonghiep] [restartedMain] org.hibernate.orm.deprecation            : HHH90000025: SQLServer2012Dialect does not need to be specified explicitly using 'hibernate.dialect' (remove the property setting and it will be selected by default)
2025-02-27T11:30:26.500+07:00  WARN 17068 --- [doantonghiep] [restartedMain] org.hibernate.orm.deprecation            : HHH90000026: SQLServer2012Dialect has been deprecated; use org.hibernate.dialect.SQLServerDialect instead
2025-02-27T11:30:26.532+07:00  INFO 17068 --- [doantonghiep] [restartedMain] org.hibernate.orm.connections.pooling    : HHH10001005: Database info:
	Database JDBC URL [Connecting through datasource 'HikariDataSource (HikariPool-1)']
	Database driver: undefined/unknown
	Database version: 11.0
	Autocommit mode: undefined/unknown
	Isolation level: undefined/unknown
	Minimum pool size: undefined/unknown
	Maximum pool size: undefined/unknown
2025-02-27T11:30:27.608+07:00  INFO 17068 --- [doantonghiep] [restartedMain] o.h.e.t.j.p.i.JtaPlatformInitiator       : HHH000489: No JTA platform available (set 'hibernate.transaction.jta.platform' to enable JTA platform integration)
2025-02-27T11:30:28.661+07:00  INFO 17068 --- [doantonghiep] [restartedMain] j.LocalContainerEntityManagerFactoryBean : Initialized JPA EntityManagerFactory for persistence unit 'default'
2025-02-27T11:30:28.683+07:00  INFO 17068 --- [doantonghiep] [restartedMain] f.a.AutowiredAnnotationBeanPostProcessor : Autowired annotation is not supported on static fields: private static final long com.nckhntu.doantonghiep.Config.JwtAuthenticationEntryPoint.serialVersionUID
2025-02-27T11:30:28.977+07:00  INFO 17068 --- [doantonghiep] [restartedMain] o.s.d.j.r.query.QueryEnhancerFactory     : Hibernate is in classpath; If applicable, HQL parser will be used.
2025-02-27T11:30:29.653+07:00  INFO 17068 --- [doantonghiep] [restartedMain] r$InitializeUserDetailsManagerConfigurer : Global AuthenticationManager configured with UserDetailsService bean with name customUserDetailsService
2025-02-27T11:30:29.955+07:00  WARN 17068 --- [doantonghiep] [restartedMain] JpaBaseConfiguration$JpaWebConfiguration : spring.jpa.open-in-view is enabled by default. Therefore, database queries may be performed during view rendering. Explicitly configure spring.jpa.open-in-view to disable this warning
2025-02-27T11:30:30.548+07:00  WARN 17068 --- [doantonghiep] [restartedMain] o.s.data.convert.CustomConversions       : Registering converter from class microsoft.sql.DateTimeOffset to class java.time.OffsetDateTime as reading converter although it doesn't convert from a store-supported type; You might want to check your annotation setup at the converter implementation
2025-02-27T11:30:30.549+07:00  WARN 17068 --- [doantonghiep] [restartedMain] o.s.data.convert.CustomConversions       : Registering converter from class microsoft.sql.DateTimeOffset to class java.time.Instant as reading converter although it doesn't convert from a store-supported type; You might want to check your annotation setup at the converter implementation
2025-02-27T11:30:30.733+07:00  INFO 17068 --- [doantonghiep] [restartedMain] o.s.b.d.a.OptionalLiveReloadServer       : LiveReload server is running on port 35729
2025-02-27T11:30:30.839+07:00  INFO 17068 --- [doantonghiep] [restartedMain] o.s.b.w.embedded.tomcat.TomcatWebServer  : Tomcat started on port 8080 (http) with context path '/'
2025-02-27T11:30:30.846+07:00  INFO 17068 --- [doantonghiep] [restartedMain] c.n.d.DoantonghiepApplication            : Started DoantonghiepApplication in 8.698 seconds (process running for 10.344)
2025-02-27T11:30:49.029+07:00  INFO 17068 --- [doantonghiep] [http-nio-8080-exec-1] o.a.c.c.C.[Tomcat].[localhost].[/]       : Initializing Spring DispatcherServlet 'dispatcherServlet'
2025-02-27T11:30:49.030+07:00  INFO 17068 --- [doantonghiep] [http-nio-8080-exec-1] o.s.web.servlet.DispatcherServlet        : Initializing Servlet 'dispatcherServlet'
2025-02-27T11:30:49.031+07:00  INFO 17068 --- [doantonghiep] [http-nio-8080-exec-1] o.s.web.servlet.DispatcherServlet        : Completed initialization in 1 ms
2025-02-27T11:30:54.559+07:00  WARN 17068 --- [doantonghiep] [http-nio-8080-exec-4] actStandardFragmentInsertionTagProcessor : [THYMELEAF][http-nio-8080-exec-4][Admin/dashboard] Deprecated unwrapped fragment expression "Admin/Layout/header" found in template Admin/dashboard, line 110, col 11. Please use the complete syntax of fragment expressions instead ("~{Admin/Layout/header}"). The old, unwrapped syntax for fragment expressions will be removed in future versions of Thymeleaf.
2025-02-27T11:30:54.677+07:00  WARN 17068 --- [doantonghiep] [http-nio-8080-exec-4] actStandardFragmentInsertionTagProcessor : [THYMELEAF][http-nio-8080-exec-4][Admin/dashboard] Deprecated unwrapped fragment expression "Admin/Layout/navbar" found in template Admin/dashboard, line 113, col 11. Please use the complete syntax of fragment expressions instead ("~{Admin/Layout/navbar}"). The old, unwrapped syntax for fragment expressions will be removed in future versions of Thymeleaf.
2025-02-27T11:31:04.704+07:00  WARN 17068 --- [doantonghiep] [http-nio-8080-exec-3] actStandardFragmentInsertionTagProcessor : [THYMELEAF][http-nio-8080-exec-3][Admin/Users/List-User] Deprecated unwrapped fragment expression "Admin/Layout/header" found in template Admin/Users/List-User, line 50, col 11. Please use the complete syntax of fragment expressions instead ("~{Admin/Layout/header}"). The old, unwrapped syntax for fragment expressions will be removed in future versions of Thymeleaf.
2025-02-27T11:31:04.707+07:00  WARN 17068 --- [doantonghiep] [http-nio-8080-exec-3] actStandardFragmentInsertionTagProcessor : [THYMELEAF][http-nio-8080-exec-3][Admin/Users/List-User] Deprecated unwrapped fragment expression "Admin/Layout/navbar" found in template Admin/Users/List-User, line 51, col 11. Please use the complete syntax of fragment expressions instead ("~{Admin/Layout/navbar}"). The old, unwrapped syntax for fragment expressions will be removed in future versions of Thymeleaf.
2025-02-27T11:31:07.694+07:00  WARN 17068 --- [doantonghiep] [http-nio-8080-exec-6] actStandardFragmentInsertionTagProcessor : [THYMELEAF][http-nio-8080-exec-6][Profiles/Profile] Deprecated unwrapped fragment expression "Layout/Header" found in template Profiles/Profile, line 223, col 11. Please use the complete syntax of fragment expressions instead ("~{Layout/Header}"). The old, unwrapped syntax for fragment expressions will be removed in future versions of Thymeleaf.
2025-02-27T11:31:07.759+07:00  WARN 17068 --- [doantonghiep] [http-nio-8080-exec-6] actStandardFragmentInsertionTagProcessor : [THYMELEAF][http-nio-8080-exec-6][Profiles/Profile] Deprecated unwrapped fragment expression "Layout/Profile-navbar" found in template Profiles/Profile, line 228, col 15. Please use the complete syntax of fragment expressions instead ("~{Layout/Profile-navbar}"). The old, unwrapped syntax for fragment expressions will be removed in future versions of Thymeleaf.
2025-02-27T11:31:07.781+07:00  WARN 17068 --- [doantonghiep] [http-nio-8080-exec-6] actStandardFragmentInsertionTagProcessor : [THYMELEAF][http-nio-8080-exec-6][Profiles/Profile] Deprecated unwrapped fragment expression "Layout/Footer" found in template Profiles/Profile, line 260, col 11. Please use the complete syntax of fragment expressions instead ("~{Layout/Footer}"). The old, unwrapped syntax for fragment expressions will be removed in future versions of Thymeleaf.
2025-02-27T11:31:13.451+07:00  WARN 17068 --- [doantonghiep] [http-nio-8080-exec-2] actStandardFragmentInsertionTagProcessor : [THYMELEAF][http-nio-8080-exec-2][Profiles/Update-profile] Deprecated unwrapped fragment expression "Layout/Header" found in template Profiles/Update-profile, line 131, col 11. Please use the complete syntax of fragment expressions instead ("~{Layout/Header}"). The old, unwrapped syntax for fragment expressions will be removed in future versions of Thymeleaf.
2025-02-27T11:31:13.455+07:00  WARN 17068 --- [doantonghiep] [http-nio-8080-exec-2] actStandardFragmentInsertionTagProcessor : [THYMELEAF][http-nio-8080-exec-2][Profiles/Update-profile] Deprecated unwrapped fragment expression "Layout/Profile-navbar" found in template Profiles/Update-profile, line 136, col 15. Please use the complete syntax of fragment expressions instead ("~{Layout/Profile-navbar}"). The old, unwrapped syntax for fragment expressions will be removed in future versions of Thymeleaf.
2025-02-27T11:31:13.482+07:00  WARN 17068 --- [doantonghiep] [http-nio-8080-exec-2] actStandardFragmentInsertionTagProcessor : [THYMELEAF][http-nio-8080-exec-2][Profiles/Update-profile] Deprecated unwrapped fragment expression "Layout/Footer" found in template Profiles/Update-profile, line 175, col 11. Please use the complete syntax of fragment expressions instead ("~{Layout/Footer}"). The old, unwrapped syntax for fragment expressions will be removed in future versions of Thymeleaf.
2025-02-27T11:31:15.920+07:00  WARN 17068 --- [doantonghiep] [http-nio-8080-exec-3] actStandardFragmentInsertionTagProcessor : [THYMELEAF][http-nio-8080-exec-3][list-pets] Deprecated unwrapped fragment expression "Layout/Header" found in template list-pets, line 103, col 11. Please use the complete syntax of fragment expressions instead ("~{Layout/Header}"). The old, unwrapped syntax for fragment expressions will be removed in future versions of Thymeleaf.
2025-02-27T11:31:15.929+07:00  WARN 17068 --- [doantonghiep] [http-nio-8080-exec-3] actStandardFragmentInsertionTagProcessor : [THYMELEAF][http-nio-8080-exec-3][list-pets] Deprecated unwrapped fragment expression "Layout/Footer" found in template list-pets, line 167, col 11. Please use the complete syntax of fragment expressions instead ("~{Layout/Footer}"). The old, unwrapped syntax for fragment expressions will be removed in future versions of Thymeleaf.
2025-02-27T11:31:37.656+07:00  WARN 17068 --- [doantonghiep] [http-nio-8080-exec-10] actStandardFragmentInsertionTagProcessor : [THYMELEAF][http-nio-8080-exec-10][Pet-detail] Deprecated unwrapped fragment expression "Layout/Header" found in template Pet-detail, line 104, col 11. Please use the complete syntax of fragment expressions instead ("~{Layout/Header}"). The old, unwrapped syntax for fragment expressions will be removed in future versions of Thymeleaf.
2025-02-27T11:31:37.665+07:00  WARN 17068 --- [doantonghiep] [http-nio-8080-exec-10] actStandardFragmentInsertionTagProcessor : [THYMELEAF][http-nio-8080-exec-10][Pet-detail] Deprecated unwrapped fragment expression "Layout/Footer" found in template Pet-detail, line 133, col 11. Please use the complete syntax of fragment expressions instead ("~{Layout/Footer}"). The old, unwrapped syntax for fragment expressions will be removed in future versions of Thymeleaf.
2025-02-27T11:32:55.585+07:00  WARN 17068 --- [doantonghiep] [http-nio-8080-exec-6] actStandardFragmentInsertionTagProcessor : [THYMELEAF][http-nio-8080-exec-6][Pet-detail] Deprecated unwrapped fragment expression "Layout/Header" found in template Pet-detail, line 104, col 11. Please use the complete syntax of fragment expressions instead ("~{Layout/Header}"). The old, unwrapped syntax for fragment expressions will be removed in future versions of Thymeleaf.
2025-02-27T11:32:55.593+07:00  WARN 17068 --- [doantonghiep] [http-nio-8080-exec-6] actStandardFragmentInsertionTagProcessor : [THYMELEAF][http-nio-8080-exec-6][Pet-detail] Deprecated unwrapped fragment expression "Layout/Footer" found in template Pet-detail, line 133, col 11. Please use the complete syntax of fragment expressions instead ("~{Layout/Footer}"). The old, unwrapped syntax for fragment expressions will be removed in future versions of Thymeleaf.
2025-02-27T11:33:01.526+07:00  WARN 17068 --- [doantonghiep] [http-nio-8080-exec-2] actStandardFragmentInsertionTagProcessor : [THYMELEAF][http-nio-8080-exec-2][list-pets] Deprecated unwrapped fragment expression "Layout/Header" found in template list-pets, line 103, col 11. Please use the complete syntax of fragment expressions instead ("~{Layout/Header}"). The old, unwrapped syntax for fragment expressions will be removed in future versions of Thymeleaf.
2025-02-27T11:33:01.534+07:00  WARN 17068 --- [doantonghiep] [http-nio-8080-exec-2] actStandardFragmentInsertionTagProcessor : [THYMELEAF][http-nio-8080-exec-2][list-pets] Deprecated unwrapped fragment expression "Layout/Footer" found in template list-pets, line 167, col 11. Please use the complete syntax of fragment expressions instead ("~{Layout/Footer}"). The old, unwrapped syntax for fragment expressions will be removed in future versions of Thymeleaf.
2025-02-27T11:33:03.090+07:00  WARN 17068 --- [doantonghiep] [http-nio-8080-exec-7] actStandardFragmentInsertionTagProcessor : [THYMELEAF][http-nio-8080-exec-7][list-service] Deprecated unwrapped fragment expression "Layout/Header" found in template list-service, line 97, col 11. Please use the complete syntax of fragment expressions instead ("~{Layout/Header}"). The old, unwrapped syntax for fragment expressions will be removed in future versions of Thymeleaf.
2025-02-27T11:33:03.097+07:00  WARN 17068 --- [doantonghiep] [http-nio-8080-exec-7] actStandardFragmentInsertionTagProcessor : [THYMELEAF][http-nio-8080-exec-7][list-service] Deprecated unwrapped fragment expression "Layout/Footer" found in template list-service, line 139, col 11. Please use the complete syntax of fragment expressions instead ("~{Layout/Footer}"). The old, unwrapped syntax for fragment expressions will be removed in future versions of Thymeleaf.
2025-02-27T11:33:07.013+07:00  WARN 17068 --- [doantonghiep] [http-nio-8080-exec-2] actStandardFragmentInsertionTagProcessor : [THYMELEAF][http-nio-8080-exec-2][Service-detail] Deprecated unwrapped fragment expression "Layout/Header" found in template Service-detail, line 158, col 11. Please use the complete syntax of fragment expressions instead ("~{Layout/Header}"). The old, unwrapped syntax for fragment expressions will be removed in future versions of Thymeleaf.
2025-02-27T11:33:07.048+07:00  WARN 17068 --- [doantonghiep] [http-nio-8080-exec-2] actStandardFragmentInsertionTagProcessor : [THYMELEAF][http-nio-8080-exec-2][Service-detail] Deprecated unwrapped fragment expression "Layout/Footer" found in template Service-detail, line 230, col 11. Please use the complete syntax of fragment expressions instead ("~{Layout/Footer}"). The old, unwrapped syntax for fragment expressions will be removed in future versions of Thymeleaf.
2025-02-27T11:33:12.247+07:00  WARN 17068 --- [doantonghiep] [http-nio-8080-exec-9] actStandardFragmentInsertionTagProcessor : [THYMELEAF][http-nio-8080-exec-9][home] Deprecated unwrapped fragment expression "Layout/Header" found in template home, line 179, col 11. Please use the complete syntax of fragment expressions instead ("~{Layout/Header}"). The old, unwrapped syntax for fragment expressions will be removed in future versions of Thymeleaf.
2025-02-27T11:33:12.255+07:00  WARN 17068 --- [doantonghiep] [http-nio-8080-exec-9] actStandardFragmentInsertionTagProcessor : [THYMELEAF][http-nio-8080-exec-9][home] Deprecated unwrapped fragment expression "Layout/Footer" found in template home, line 249, col 11. Please use the complete syntax of fragment expressions instead ("~{Layout/Footer}"). The old, unwrapped syntax for fragment expressions will be removed in future versions of Thymeleaf.
2025-02-27T11:33:39.114+07:00  INFO 17068 --- [doantonghiep] [SpringApplicationShutdownHook] o.s.b.w.e.tomcat.GracefulShutdown        : Commencing graceful shutdown. Waiting for active requests to complete
2025-02-27T11:33:39.160+07:00  INFO 17068 --- [doantonghiep] [tomcat-shutdown] o.s.b.w.e.tomcat.GracefulShutdown        : Graceful shutdown complete
2025-02-27T11:33:39.202+07:00  INFO 17068 --- [doantonghiep] [SpringApplicationShutdownHook] j.LocalContainerEntityManagerFactoryBean : Closing JPA EntityManagerFactory for persistence unit 'default'
2025-02-27T11:33:39.206+07:00  INFO 17068 --- [doantonghiep] [SpringApplicationShutdownHook] com.zaxxer.hikari.HikariDataSource       : HikariPool-1 - Shutdown initiated...
2025-02-27T11:33:39.208+07:00  INFO 17068 --- [doantonghiep] [SpringApplicationShutdownHook] com.zaxxer.hikari.HikariDataSource       : HikariPool-1 - Shutdown completed.
2025-02-27T11:41:33.360+07:00  INFO 11208 --- [doantonghiep] [restartedMain] c.n.d.DoantonghiepApplication            : Starting DoantonghiepApplication using Java 21.0.2 with PID 11208 (D:\DATN\Doantotnghiep_duong\target\classes started by FPTSHOP in D:\DATN\Doantotnghiep_duong)
2025-02-27T11:41:33.362+07:00  INFO 11208 --- [doantonghiep] [restartedMain] c.n.d.DoantonghiepApplication            : No active profile set, falling back to 1 default profile: "default"
2025-02-27T11:41:33.393+07:00  INFO 11208 --- [doantonghiep] [restartedMain] .e.DevToolsPropertyDefaultsPostProcessor : Devtools property defaults active! Set 'spring.devtools.add-properties' to 'false' to disable
2025-02-27T11:41:33.393+07:00  INFO 11208 --- [doantonghiep] [restartedMain] .e.DevToolsPropertyDefaultsPostProcessor : For additional web related logging consider setting the 'logging.level.web' property to 'DEBUG'
2025-02-27T11:41:33.916+07:00  INFO 11208 --- [doantonghiep] [restartedMain] .s.d.r.c.RepositoryConfigurationDelegate : Multiple Spring Data modules found, entering strict repository configuration mode
2025-02-27T11:41:33.916+07:00  INFO 11208 --- [doantonghiep] [restartedMain] .s.d.r.c.RepositoryConfigurationDelegate : Bootstrapping Spring Data JDBC repositories in DEFAULT mode.
2025-02-27T11:41:33.940+07:00  INFO 11208 --- [doantonghiep] [restartedMain] .RepositoryConfigurationExtensionSupport : Spring Data JDBC - Could not safely identify store assignment for repository candidate interface com.nckhntu.doantonghiep.Repository.AppointmentRepository; If you want this repository to be a JDBC repository, consider annotating your entities with one of these annotations: org.springframework.data.relational.core.mapping.Table.
2025-02-27T11:41:33.941+07:00  INFO 11208 --- [doantonghiep] [restartedMain] .RepositoryConfigurationExtensionSupport : Spring Data JDBC - Could not safely identify store assignment for repository candidate interface com.nckhntu.doantonghiep.Repository.ChatRepository; If you want this repository to be a JDBC repository, consider annotating your entities with one of these annotations: org.springframework.data.relational.core.mapping.Table.
2025-02-27T11:41:33.942+07:00  INFO 11208 --- [doantonghiep] [restartedMain] .RepositoryConfigurationExtensionSupport : Spring Data JDBC - Could not safely identify store assignment for repository candidate interface com.nckhntu.doantonghiep.Repository.LogRepository; If you want this repository to be a JDBC repository, consider annotating your entities with one of these annotations: org.springframework.data.relational.core.mapping.Table.
2025-02-27T11:41:33.943+07:00  INFO 11208 --- [doantonghiep] [restartedMain] .RepositoryConfigurationExtensionSupport : Spring Data JDBC - Could not safely identify store assignment for repository candidate interface com.nckhntu.doantonghiep.Repository.PetRepository; If you want this repository to be a JDBC repository, consider annotating your entities with one of these annotations: org.springframework.data.relational.core.mapping.Table.
2025-02-27T11:41:33.943+07:00  INFO 11208 --- [doantonghiep] [restartedMain] .RepositoryConfigurationExtensionSupport : Spring Data JDBC - Could not safely identify store assignment for repository candidate interface com.nckhntu.doantonghiep.Repository.ReviewRepository; If you want this repository to be a JDBC repository, consider annotating your entities with one of these annotations: org.springframework.data.relational.core.mapping.Table.
2025-02-27T11:41:33.944+07:00  INFO 11208 --- [doantonghiep] [restartedMain] .RepositoryConfigurationExtensionSupport : Spring Data JDBC - Could not safely identify store assignment for repository candidate interface com.nckhntu.doantonghiep.Repository.RoomRepository; If you want this repository to be a JDBC repository, consider annotating your entities with one of these annotations: org.springframework.data.relational.core.mapping.Table.
2025-02-27T11:41:33.945+07:00  INFO 11208 --- [doantonghiep] [restartedMain] .RepositoryConfigurationExtensionSupport : Spring Data JDBC - Could not safely identify store assignment for repository candidate interface com.nckhntu.doantonghiep.Repository.ServiceRepository; If you want this repository to be a JDBC repository, consider annotating your entities with one of these annotations: org.springframework.data.relational.core.mapping.Table.
2025-02-27T11:41:33.945+07:00  INFO 11208 --- [doantonghiep] [restartedMain] .RepositoryConfigurationExtensionSupport : Spring Data JDBC - Could not safely identify store assignment for repository candidate interface com.nckhntu.doantonghiep.Repository.UserBuyPetRepository; If you want this repository to be a JDBC repository, consider annotating your entities with one of these annotations: org.springframework.data.relational.core.mapping.Table.
2025-02-27T11:41:33.946+07:00  INFO 11208 --- [doantonghiep] [restartedMain] .RepositoryConfigurationExtensionSupport : Spring Data JDBC - Could not safely identify store assignment for repository candidate interface com.nckhntu.doantonghiep.Repository.UserRepository; If you want this repository to be a JDBC repository, consider annotating your entities with one of these annotations: org.springframework.data.relational.core.mapping.Table.
2025-02-27T11:41:33.947+07:00  INFO 11208 --- [doantonghiep] [restartedMain] .s.d.r.c.RepositoryConfigurationDelegate : Finished Spring Data repository scanning in 26 ms. Found 0 JDBC repository interfaces.
2025-02-27T11:41:33.953+07:00  INFO 11208 --- [doantonghiep] [restartedMain] .s.d.r.c.RepositoryConfigurationDelegate : Multiple Spring Data modules found, entering strict repository configuration mode
2025-02-27T11:41:33.954+07:00  INFO 11208 --- [doantonghiep] [restartedMain] .s.d.r.c.RepositoryConfigurationDelegate : Bootstrapping Spring Data JPA repositories in DEFAULT mode.
2025-02-27T11:41:34.048+07:00  INFO 11208 --- [doantonghiep] [restartedMain] .s.d.r.c.RepositoryConfigurationDelegate : Finished Spring Data repository scanning in 91 ms. Found 9 JPA repository interfaces.
2025-02-27T11:41:34.282+07:00  WARN 11208 --- [doantonghiep] [restartedMain] trationDelegate$BeanPostProcessorChecker : Bean 'org.springframework.ws.config.annotation.DelegatingWsConfiguration' of type [org.springframework.ws.config.annotation.DelegatingWsConfiguration$$SpringCGLIB$$0] is not eligible for getting processed by all BeanPostProcessors (for example: not eligible for auto-proxying). The currently created BeanPostProcessor [annotationActionEndpointMapping] is declared through a non-static factory method on that class; consider declaring it as static instead.
2025-02-27T11:41:34.318+07:00  INFO 11208 --- [doantonghiep] [restartedMain] .w.s.a.s.AnnotationActionEndpointMapping : Supporting [WS-Addressing August 2004, WS-Addressing 1.0]
2025-02-27T11:41:34.549+07:00  INFO 11208 --- [doantonghiep] [restartedMain] o.s.b.w.embedded.tomcat.TomcatWebServer  : Tomcat initialized with port 8080 (http)
2025-02-27T11:41:34.558+07:00  INFO 11208 --- [doantonghiep] [restartedMain] o.apache.catalina.core.StandardService   : Starting service [Tomcat]
2025-02-27T11:41:34.558+07:00  INFO 11208 --- [doantonghiep] [restartedMain] o.apache.catalina.core.StandardEngine    : Starting Servlet engine: [Apache Tomcat/10.1.34]
2025-02-27T11:41:34.589+07:00  INFO 11208 --- [doantonghiep] [restartedMain] o.a.c.c.C.[Tomcat].[localhost].[/]       : Initializing Spring embedded WebApplicationContext
2025-02-27T11:41:34.589+07:00  INFO 11208 --- [doantonghiep] [restartedMain] w.s.c.ServletWebServerApplicationContext : Root WebApplicationContext: initialization completed in 1195 ms
2025-02-27T11:41:34.711+07:00  INFO 11208 --- [doantonghiep] [restartedMain] o.hibernate.jpa.internal.util.LogHelper  : HHH000204: Processing PersistenceUnitInfo [name: default]
2025-02-27T11:41:34.758+07:00  INFO 11208 --- [doantonghiep] [restartedMain] org.hibernate.Version                    : HHH000412: Hibernate ORM core version 6.6.5.Final
2025-02-27T11:41:34.790+07:00  INFO 11208 --- [doantonghiep] [restartedMain] o.h.c.internal.RegionFactoryInitiator    : HHH000026: Second-level cache disabled
2025-02-27T11:41:34.982+07:00  INFO 11208 --- [doantonghiep] [restartedMain] o.s.o.j.p.SpringPersistenceUnitInfo      : No LoadTimeWeaver setup: ignoring JPA class transformer
2025-02-27T11:41:35.002+07:00  INFO 11208 --- [doantonghiep] [restartedMain] com.zaxxer.hikari.HikariDataSource       : HikariPool-1 - Starting...
2025-02-27T11:41:35.242+07:00  INFO 11208 --- [doantonghiep] [restartedMain] com.zaxxer.hikari.pool.HikariPool        : HikariPool-1 - Added connection ConnectionID:1 ClientConnectionId: bf4e71c2-e4fa-42e9-81fb-909403f99e04
2025-02-27T11:41:35.243+07:00  INFO 11208 --- [doantonghiep] [restartedMain] com.zaxxer.hikari.HikariDataSource       : HikariPool-1 - Start completed.
2025-02-27T11:41:35.262+07:00  WARN 11208 --- [doantonghiep] [restartedMain] org.hibernate.orm.deprecation            : HHH90000025: SQLServer2012Dialect does not need to be specified explicitly using 'hibernate.dialect' (remove the property setting and it will be selected by default)
2025-02-27T11:41:35.262+07:00  WARN 11208 --- [doantonghiep] [restartedMain] org.hibernate.orm.deprecation            : HHH90000026: SQLServer2012Dialect has been deprecated; use org.hibernate.dialect.SQLServerDialect instead
2025-02-27T11:41:35.281+07:00  INFO 11208 --- [doantonghiep] [restartedMain] org.hibernate.orm.connections.pooling    : HHH10001005: Database info:
	Database JDBC URL [Connecting through datasource 'HikariDataSource (HikariPool-1)']
	Database driver: undefined/unknown
	Database version: 11.0
	Autocommit mode: undefined/unknown
	Isolation level: undefined/unknown
	Minimum pool size: undefined/unknown
	Maximum pool size: undefined/unknown
2025-02-27T11:41:35.922+07:00  INFO 11208 --- [doantonghiep] [restartedMain] o.h.e.t.j.p.i.JtaPlatformInitiator       : HHH000489: No JTA platform available (set 'hibernate.transaction.jta.platform' to enable JTA platform integration)
2025-02-27T11:41:38.060+07:00  INFO 11208 --- [doantonghiep] [restartedMain] j.LocalContainerEntityManagerFactoryBean : Initialized JPA EntityManagerFactory for persistence unit 'default'
2025-02-27T11:41:38.072+07:00  INFO 11208 --- [doantonghiep] [restartedMain] f.a.AutowiredAnnotationBeanPostProcessor : Autowired annotation is not supported on static fields: private static final long com.nckhntu.doantonghiep.Config.JwtAuthenticationEntryPoint.serialVersionUID
2025-02-27T11:41:38.278+07:00  INFO 11208 --- [doantonghiep] [restartedMain] o.s.d.j.r.query.QueryEnhancerFactory     : Hibernate is in classpath; If applicable, HQL parser will be used.
2025-02-27T11:41:38.677+07:00  INFO 11208 --- [doantonghiep] [restartedMain] r$InitializeUserDetailsManagerConfigurer : Global AuthenticationManager configured with UserDetailsService bean with name customUserDetailsService
2025-02-27T11:41:38.880+07:00  WARN 11208 --- [doantonghiep] [restartedMain] JpaBaseConfiguration$JpaWebConfiguration : spring.jpa.open-in-view is enabled by default. Therefore, database queries may be performed during view rendering. Explicitly configure spring.jpa.open-in-view to disable this warning
2025-02-27T11:41:39.210+07:00  WARN 11208 --- [doantonghiep] [restartedMain] o.s.data.convert.CustomConversions       : Registering converter from class microsoft.sql.DateTimeOffset to class java.time.OffsetDateTime as reading converter although it doesn't convert from a store-supported type; You might want to check your annotation setup at the converter implementation
2025-02-27T11:41:39.210+07:00  WARN 11208 --- [doantonghiep] [restartedMain] o.s.data.convert.CustomConversions       : Registering converter from class microsoft.sql.DateTimeOffset to class java.time.Instant as reading converter although it doesn't convert from a store-supported type; You might want to check your annotation setup at the converter implementation
2025-02-27T11:41:39.295+07:00  INFO 11208 --- [doantonghiep] [restartedMain] o.s.b.d.a.OptionalLiveReloadServer       : LiveReload server is running on port 35729
2025-02-27T11:41:39.360+07:00  INFO 11208 --- [doantonghiep] [restartedMain] o.s.b.w.embedded.tomcat.TomcatWebServer  : Tomcat started on port 8080 (http) with context path '/'
2025-02-27T11:41:39.365+07:00  INFO 11208 --- [doantonghiep] [restartedMain] c.n.d.DoantonghiepApplication            : Started DoantonghiepApplication in 6.387 seconds (process running for 7.146)
2025-02-27T11:41:43.793+07:00  INFO 11208 --- [doantonghiep] [File Watcher] rtingClassPathChangeChangedEventListener : Restarting due to 81 class path changes (0 additions, 80 deletions, 1 modification)
2025-02-27T11:41:43.796+07:00  INFO 11208 --- [doantonghiep] [Thread-5] o.s.b.w.e.tomcat.GracefulShutdown        : Commencing graceful shutdown. Waiting for active requests to complete
2025-02-27T11:41:43.811+07:00  INFO 11208 --- [doantonghiep] [tomcat-shutdown] o.s.b.w.e.tomcat.GracefulShutdown        : Graceful shutdown complete
2025-02-27T11:41:43.840+07:00  INFO 11208 --- [doantonghiep] [Thread-5] j.LocalContainerEntityManagerFactoryBean : Closing JPA EntityManagerFactory for persistence unit 'default'
2025-02-27T11:41:43.843+07:00  INFO 11208 --- [doantonghiep] [Thread-5] com.zaxxer.hikari.HikariDataSource       : HikariPool-1 - Shutdown initiated...
2025-02-27T11:41:43.845+07:00  INFO 11208 --- [doantonghiep] [Thread-5] com.zaxxer.hikari.HikariDataSource       : HikariPool-1 - Shutdown completed.
2025-02-27T11:41:43.957+07:00  INFO 11208 --- [doantonghiep] [restartedMain] c.n.d.DoantonghiepApplication            : Starting DoantonghiepApplication using Java 21.0.2 with PID 11208 (D:\DATN\Doantotnghiep_duong\target\classes started by FPTSHOP in D:\DATN\Doantotnghiep_duong)
2025-02-27T11:41:43.957+07:00  INFO 11208 --- [doantonghiep] [restartedMain] c.n.d.DoantonghiepApplication            : No active profile set, falling back to 1 default profile: "default"
2025-02-27T11:41:44.259+07:00  INFO 11208 --- [doantonghiep] [restartedMain] .s.d.r.c.RepositoryConfigurationDelegate : Multiple Spring Data modules found, entering strict repository configuration mode
2025-02-27T11:41:44.260+07:00  INFO 11208 --- [doantonghiep] [restartedMain] .s.d.r.c.RepositoryConfigurationDelegate : Bootstrapping Spring Data JDBC repositories in DEFAULT mode.
2025-02-27T11:41:44.282+07:00  INFO 11208 --- [doantonghiep] [restartedMain] .RepositoryConfigurationExtensionSupport : Spring Data JDBC - Could not safely identify store assignment for repository candidate interface com.nckhntu.doantonghiep.Repository.PetRepository; If you want this repository to be a JDBC repository, consider annotating your entities with one of these annotations: org.springframework.data.relational.core.mapping.Table.
2025-02-27T11:41:44.284+07:00  INFO 11208 --- [doantonghiep] [restartedMain] .RepositoryConfigurationExtensionSupport : Spring Data JDBC - Could not safely identify store assignment for repository candidate interface com.nckhntu.doantonghiep.Repository.ServiceRepository; If you want this repository to be a JDBC repository, consider annotating your entities with one of these annotations: org.springframework.data.relational.core.mapping.Table.
2025-02-27T11:41:44.285+07:00  INFO 11208 --- [doantonghiep] [restartedMain] .RepositoryConfigurationExtensionSupport : Spring Data JDBC - Could not safely identify store assignment for repository candidate interface com.nckhntu.doantonghiep.Repository.UserRepository; If you want this repository to be a JDBC repository, consider annotating your entities with one of these annotations: org.springframework.data.relational.core.mapping.Table.
2025-02-27T11:41:44.285+07:00  INFO 11208 --- [doantonghiep] [restartedMain] .s.d.r.c.RepositoryConfigurationDelegate : Finished Spring Data repository scanning in 23 ms. Found 0 JDBC repository interfaces.
2025-02-27T11:41:44.291+07:00  INFO 11208 --- [doantonghiep] [restartedMain] .s.d.r.c.RepositoryConfigurationDelegate : Multiple Spring Data modules found, entering strict repository configuration mode
2025-02-27T11:41:44.291+07:00  INFO 11208 --- [doantonghiep] [restartedMain] .s.d.r.c.RepositoryConfigurationDelegate : Bootstrapping Spring Data JPA repositories in DEFAULT mode.
2025-02-27T11:41:44.305+07:00  INFO 11208 --- [doantonghiep] [restartedMain] .s.d.r.c.RepositoryConfigurationDelegate : Finished Spring Data repository scanning in 13 ms. Found 3 JPA repository interfaces.
2025-02-27T11:41:44.390+07:00  WARN 11208 --- [doantonghiep] [restartedMain] trationDelegate$BeanPostProcessorChecker : Bean 'org.springframework.ws.config.annotation.DelegatingWsConfiguration' of type [org.springframework.ws.config.annotation.DelegatingWsConfiguration$$SpringCGLIB$$0] is not eligible for getting processed by all BeanPostProcessors (for example: not eligible for auto-proxying). The currently created BeanPostProcessor [annotationActionEndpointMapping] is declared through a non-static factory method on that class; consider declaring it as static instead.
2025-02-27T11:41:44.392+07:00  INFO 11208 --- [doantonghiep] [restartedMain] .w.s.a.s.AnnotationActionEndpointMapping : Supporting [WS-Addressing August 2004, WS-Addressing 1.0]
2025-02-27T11:41:44.434+07:00  INFO 11208 --- [doantonghiep] [restartedMain] o.s.b.w.embedded.tomcat.TomcatWebServer  : Tomcat initialized with port 8080 (http)
2025-02-27T11:41:44.435+07:00  INFO 11208 --- [doantonghiep] [restartedMain] o.apache.catalina.core.StandardService   : Starting service [Tomcat]
2025-02-27T11:41:44.436+07:00  INFO 11208 --- [doantonghiep] [restartedMain] o.apache.catalina.core.StandardEngine    : Starting Servlet engine: [Apache Tomcat/10.1.34]
2025-02-27T11:41:44.456+07:00  INFO 11208 --- [doantonghiep] [restartedMain] o.a.c.c.C.[Tomcat].[localhost].[/]       : Initializing Spring embedded WebApplicationContext
2025-02-27T11:41:44.456+07:00  INFO 11208 --- [doantonghiep] [restartedMain] w.s.c.ServletWebServerApplicationContext : Root WebApplicationContext: initialization completed in 497 ms
2025-02-27T11:41:44.507+07:00  INFO 11208 --- [doantonghiep] [restartedMain] o.hibernate.jpa.internal.util.LogHelper  : HHH000204: Processing PersistenceUnitInfo [name: default]
2025-02-27T11:41:44.511+07:00  INFO 11208 --- [doantonghiep] [restartedMain] o.h.c.internal.RegionFactoryInitiator    : HHH000026: Second-level cache disabled
2025-02-27T11:41:44.523+07:00  INFO 11208 --- [doantonghiep] [restartedMain] o.s.o.j.p.SpringPersistenceUnitInfo      : No LoadTimeWeaver setup: ignoring JPA class transformer
2025-02-27T11:41:44.525+07:00  INFO 11208 --- [doantonghiep] [restartedMain] com.zaxxer.hikari.HikariDataSource       : HikariPool-2 - Starting...
2025-02-27T11:41:44.548+07:00  INFO 11208 --- [doantonghiep] [restartedMain] com.zaxxer.hikari.pool.HikariPool        : HikariPool-2 - Added connection ConnectionID:11 ClientConnectionId: 1f6d22f5-60d8-4b35-aa8d-cc1f1aa0ce5a
2025-02-27T11:41:44.548+07:00  INFO 11208 --- [doantonghiep] [restartedMain] com.zaxxer.hikari.HikariDataSource       : HikariPool-2 - Start completed.
2025-02-27T11:41:44.549+07:00  WARN 11208 --- [doantonghiep] [restartedMain] org.hibernate.orm.deprecation            : HHH90000025: SQLServer2012Dialect does not need to be specified explicitly using 'hibernate.dialect' (remove the property setting and it will be selected by default)
2025-02-27T11:41:44.549+07:00  WARN 11208 --- [doantonghiep] [restartedMain] org.hibernate.orm.deprecation            : HHH90000026: SQLServer2012Dialect has been deprecated; use org.hibernate.dialect.SQLServerDialect instead
2025-02-27T11:41:44.551+07:00  INFO 11208 --- [doantonghiep] [restartedMain] org.hibernate.orm.connections.pooling    : HHH10001005: Database info:
	Database JDBC URL [Connecting through datasource 'HikariDataSource (HikariPool-2)']
	Database driver: undefined/unknown
	Database version: 11.0
	Autocommit mode: undefined/unknown
	Isolation level: undefined/unknown
	Minimum pool size: undefined/unknown
	Maximum pool size: undefined/unknown
2025-02-27T11:41:44.725+07:00  INFO 11208 --- [doantonghiep] [restartedMain] o.h.e.t.j.p.i.JtaPlatformInitiator       : HHH000489: No JTA platform available (set 'hibernate.transaction.jta.platform' to enable JTA platform integration)
2025-02-27T11:41:46.919+07:00  INFO 11208 --- [doantonghiep] [restartedMain] j.LocalContainerEntityManagerFactoryBean : Initialized JPA EntityManagerFactory for persistence unit 'default'
2025-02-27T11:41:46.928+07:00  INFO 11208 --- [doantonghiep] [restartedMain] f.a.AutowiredAnnotationBeanPostProcessor : Autowired annotation is not supported on static fields: private static final long com.nckhntu.doantonghiep.Config.JwtAuthenticationEntryPoint.serialVersionUID
2025-02-27T11:41:46.930+07:00  WARN 11208 --- [doantonghiep] [restartedMain] ConfigServletWebServerApplicationContext : Exception encountered during context initialization - cancelling refresh attempt: org.springframework.beans.factory.UnsatisfiedDependencyException: Error creating bean with name 'chatController' defined in file [D:\DATN\Doantotnghiep_duong\target\classes\com\nckhntu\doantonghiep\Controller\Admin\ChatController.class]: Unsatisfied dependency expressed through constructor parameter 0: No qualifying bean of type 'com.nckhntu.doantonghiep.Service.ChatService' available: expected at least 1 bean which qualifies as autowire candidate. Dependency annotations: {}
2025-02-27T11:41:46.931+07:00  INFO 11208 --- [doantonghiep] [restartedMain] j.LocalContainerEntityManagerFactoryBean : Closing JPA EntityManagerFactory for persistence unit 'default'
2025-02-27T11:41:46.931+07:00  INFO 11208 --- [doantonghiep] [restartedMain] com.zaxxer.hikari.HikariDataSource       : HikariPool-2 - Shutdown initiated...
2025-02-27T11:41:46.932+07:00  INFO 11208 --- [doantonghiep] [restartedMain] com.zaxxer.hikari.HikariDataSource       : HikariPool-2 - Shutdown completed.
2025-02-27T11:41:46.932+07:00  INFO 11208 --- [doantonghiep] [restartedMain] o.apache.catalina.core.StandardService   : Stopping service [Tomcat]
2025-02-27T11:41:46.938+07:00  INFO 11208 --- [doantonghiep] [restartedMain] .s.b.a.l.ConditionEvaluationReportLogger : 

Error starting ApplicationContext. To display the condition evaluation report re-run your application with 'debug' enabled.
2025-02-27T11:41:46.972+07:00 ERROR 11208 --- [doantonghiep] [restartedMain] o.s.b.d.LoggingFailureAnalysisReporter   : 

***************************
APPLICATION FAILED TO START
***************************

Description:

Parameter 0 of constructor in com.nckhntu.doantonghiep.Controller.Admin.ChatController required a bean of type 'com.nckhntu.doantonghiep.Service.ChatService' that could not be found.


Action:

Consider defining a bean of type 'com.nckhntu.doantonghiep.Service.ChatService' in your configuration.

2025-02-27T11:41:48.442+07:00  INFO 11208 --- [doantonghiep] [restartedMain] c.n.d.DoantonghiepApplication            : Starting DoantonghiepApplication using Java 21.0.2 with PID 11208 (D:\DATN\Doantotnghiep_duong\target\classes started by FPTSHOP in D:\DATN\Doantotnghiep_duong)
2025-02-27T11:41:48.443+07:00  INFO 11208 --- [doantonghiep] [restartedMain] c.n.d.DoantonghiepApplication            : No active profile set, falling back to 1 default profile: "default"
2025-02-27T11:41:48.562+07:00  INFO 11208 --- [doantonghiep] [restartedMain] .s.d.r.c.RepositoryConfigurationDelegate : Multiple Spring Data modules found, entering strict repository configuration mode
2025-02-27T11:41:48.562+07:00  INFO 11208 --- [doantonghiep] [restartedMain] .s.d.r.c.RepositoryConfigurationDelegate : Bootstrapping Spring Data JDBC repositories in DEFAULT mode.
2025-02-27T11:41:48.567+07:00  INFO 11208 --- [doantonghiep] [restartedMain] .RepositoryConfigurationExtensionSupport : Spring Data JDBC - Could not safely identify store assignment for repository candidate interface com.nckhntu.doantonghiep.Repository.AppointmentRepository; If you want this repository to be a JDBC repository, consider annotating your entities with one of these annotations: org.springframework.data.relational.core.mapping.Table.
2025-02-27T11:41:48.568+07:00  INFO 11208 --- [doantonghiep] [restartedMain] .RepositoryConfigurationExtensionSupport : Spring Data JDBC - Could not safely identify store assignment for repository candidate interface com.nckhntu.doantonghiep.Repository.ChatRepository; If you want this repository to be a JDBC repository, consider annotating your entities with one of these annotations: org.springframework.data.relational.core.mapping.Table.
2025-02-27T11:41:48.569+07:00  INFO 11208 --- [doantonghiep] [restartedMain] .RepositoryConfigurationExtensionSupport : Spring Data JDBC - Could not safely identify store assignment for repository candidate interface com.nckhntu.doantonghiep.Repository.LogRepository; If you want this repository to be a JDBC repository, consider annotating your entities with one of these annotations: org.springframework.data.relational.core.mapping.Table.
2025-02-27T11:41:48.569+07:00  INFO 11208 --- [doantonghiep] [restartedMain] .RepositoryConfigurationExtensionSupport : Spring Data JDBC - Could not safely identify store assignment for repository candidate interface com.nckhntu.doantonghiep.Repository.PetRepository; If you want this repository to be a JDBC repository, consider annotating your entities with one of these annotations: org.springframework.data.relational.core.mapping.Table.
2025-02-27T11:41:48.570+07:00  INFO 11208 --- [doantonghiep] [restartedMain] .RepositoryConfigurationExtensionSupport : Spring Data JDBC - Could not safely identify store assignment for repository candidate interface com.nckhntu.doantonghiep.Repository.ReviewRepository; If you want this repository to be a JDBC repository, consider annotating your entities with one of these annotations: org.springframework.data.relational.core.mapping.Table.
2025-02-27T11:41:48.571+07:00  INFO 11208 --- [doantonghiep] [restartedMain] .RepositoryConfigurationExtensionSupport : Spring Data JDBC - Could not safely identify store assignment for repository candidate interface com.nckhntu.doantonghiep.Repository.RoomRepository; If you want this repository to be a JDBC repository, consider annotating your entities with one of these annotations: org.springframework.data.relational.core.mapping.Table.
2025-02-27T11:41:48.571+07:00  INFO 11208 --- [doantonghiep] [restartedMain] .RepositoryConfigurationExtensionSupport : Spring Data JDBC - Could not safely identify store assignment for repository candidate interface com.nckhntu.doantonghiep.Repository.ServiceRepository; If you want this repository to be a JDBC repository, consider annotating your entities with one of these annotations: org.springframework.data.relational.core.mapping.Table.
2025-02-27T11:41:48.572+07:00  INFO 11208 --- [doantonghiep] [restartedMain] .RepositoryConfigurationExtensionSupport : Spring Data JDBC - Could not safely identify store assignment for repository candidate interface com.nckhntu.doantonghiep.Repository.UserBuyPetRepository; If you want this repository to be a JDBC repository, consider annotating your entities with one of these annotations: org.springframework.data.relational.core.mapping.Table.
2025-02-27T11:41:48.572+07:00  INFO 11208 --- [doantonghiep] [restartedMain] .RepositoryConfigurationExtensionSupport : Spring Data JDBC - Could not safely identify store assignment for repository candidate interface com.nckhntu.doantonghiep.Repository.UserRepository; If you want this repository to be a JDBC repository, consider annotating your entities with one of these annotations: org.springframework.data.relational.core.mapping.Table.
2025-02-27T11:41:48.572+07:00  INFO 11208 --- [doantonghiep] [restartedMain] .s.d.r.c.RepositoryConfigurationDelegate : Finished Spring Data repository scanning in 9 ms. Found 0 JDBC repository interfaces.
2025-02-27T11:41:48.574+07:00  INFO 11208 --- [doantonghiep] [restartedMain] .s.d.r.c.RepositoryConfigurationDelegate : Multiple Spring Data modules found, entering strict repository configuration mode
2025-02-27T11:41:48.575+07:00  INFO 11208 --- [doantonghiep] [restartedMain] .s.d.r.c.RepositoryConfigurationDelegate : Bootstrapping Spring Data JPA repositories in DEFAULT mode.
2025-02-27T11:41:48.585+07:00  INFO 11208 --- [doantonghiep] [restartedMain] .s.d.r.c.RepositoryConfigurationDelegate : Finished Spring Data repository scanning in 9 ms. Found 9 JPA repository interfaces.
2025-02-27T11:41:48.640+07:00  WARN 11208 --- [doantonghiep] [restartedMain] trationDelegate$BeanPostProcessorChecker : Bean 'org.springframework.ws.config.annotation.DelegatingWsConfiguration' of type [org.springframework.ws.config.annotation.DelegatingWsConfiguration$$SpringCGLIB$$0] is not eligible for getting processed by all BeanPostProcessors (for example: not eligible for auto-proxying). The currently created BeanPostProcessor [annotationActionEndpointMapping] is declared through a non-static factory method on that class; consider declaring it as static instead.
2025-02-27T11:41:48.642+07:00  INFO 11208 --- [doantonghiep] [restartedMain] .w.s.a.s.AnnotationActionEndpointMapping : Supporting [WS-Addressing August 2004, WS-Addressing 1.0]
2025-02-27T11:41:48.677+07:00  INFO 11208 --- [doantonghiep] [restartedMain] o.s.b.w.embedded.tomcat.TomcatWebServer  : Tomcat initialized with port 8080 (http)
2025-02-27T11:41:48.677+07:00  INFO 11208 --- [doantonghiep] [restartedMain] o.apache.catalina.core.StandardService   : Starting service [Tomcat]
2025-02-27T11:41:48.677+07:00  INFO 11208 --- [doantonghiep] [restartedMain] o.apache.catalina.core.StandardEngine    : Starting Servlet engine: [Apache Tomcat/10.1.34]
2025-02-27T11:41:48.695+07:00  INFO 11208 --- [doantonghiep] [restartedMain] o.a.c.c.C.[Tomcat-1].[localhost].[/]     : Initializing Spring embedded WebApplicationContext
2025-02-27T11:41:48.696+07:00  INFO 11208 --- [doantonghiep] [restartedMain] w.s.c.ServletWebServerApplicationContext : Root WebApplicationContext: initialization completed in 252 ms
2025-02-27T11:41:48.731+07:00  INFO 11208 --- [doantonghiep] [restartedMain] o.hibernate.jpa.internal.util.LogHelper  : HHH000204: Processing PersistenceUnitInfo [name: default]
2025-02-27T11:41:48.734+07:00  INFO 11208 --- [doantonghiep] [restartedMain] o.h.c.internal.RegionFactoryInitiator    : HHH000026: Second-level cache disabled
2025-02-27T11:41:48.740+07:00  INFO 11208 --- [doantonghiep] [restartedMain] o.s.o.j.p.SpringPersistenceUnitInfo      : No LoadTimeWeaver setup: ignoring JPA class transformer
2025-02-27T11:41:48.740+07:00  INFO 11208 --- [doantonghiep] [restartedMain] com.zaxxer.hikari.HikariDataSource       : HikariPool-3 - Starting...
2025-02-27T11:41:48.757+07:00  INFO 11208 --- [doantonghiep] [restartedMain] com.zaxxer.hikari.pool.HikariPool        : HikariPool-3 - Added connection ConnectionID:21 ClientConnectionId: 5af1da81-b89a-4be9-b7d3-c4d665a6dafb
2025-02-27T11:41:48.758+07:00  INFO 11208 --- [doantonghiep] [restartedMain] com.zaxxer.hikari.HikariDataSource       : HikariPool-3 - Start completed.
2025-02-27T11:41:48.758+07:00  WARN 11208 --- [doantonghiep] [restartedMain] org.hibernate.orm.deprecation            : HHH90000025: SQLServer2012Dialect does not need to be specified explicitly using 'hibernate.dialect' (remove the property setting and it will be selected by default)
2025-02-27T11:41:48.758+07:00  WARN 11208 --- [doantonghiep] [restartedMain] org.hibernate.orm.deprecation            : HHH90000026: SQLServer2012Dialect has been deprecated; use org.hibernate.dialect.SQLServerDialect instead
2025-02-27T11:41:48.759+07:00  INFO 11208 --- [doantonghiep] [restartedMain] org.hibernate.orm.connections.pooling    : HHH10001005: Database info:
	Database JDBC URL [Connecting through datasource 'HikariDataSource (HikariPool-3)']
	Database driver: undefined/unknown
	Database version: 11.0
	Autocommit mode: undefined/unknown
	Isolation level: undefined/unknown
	Minimum pool size: undefined/unknown
	Maximum pool size: undefined/unknown
2025-02-27T11:41:48.840+07:00  INFO 11208 --- [doantonghiep] [restartedMain] o.h.e.t.j.p.i.JtaPlatformInitiator       : HHH000489: No JTA platform available (set 'hibernate.transaction.jta.platform' to enable JTA platform integration)
2025-02-27T11:41:50.994+07:00  INFO 11208 --- [doantonghiep] [restartedMain] j.LocalContainerEntityManagerFactoryBean : Initialized JPA EntityManagerFactory for persistence unit 'default'
2025-02-27T11:41:51.002+07:00  INFO 11208 --- [doantonghiep] [restartedMain] f.a.AutowiredAnnotationBeanPostProcessor : Autowired annotation is not supported on static fields: private static final long com.nckhntu.doantonghiep.Config.JwtAuthenticationEntryPoint.serialVersionUID
2025-02-27T11:41:51.143+07:00  INFO 11208 --- [doantonghiep] [restartedMain] r$InitializeUserDetailsManagerConfigurer : Global AuthenticationManager configured with UserDetailsService bean with name customUserDetailsService
2025-02-27T11:41:51.167+07:00  WARN 11208 --- [doantonghiep] [restartedMain] JpaBaseConfiguration$JpaWebConfiguration : spring.jpa.open-in-view is enabled by default. Therefore, database queries may be performed during view rendering. Explicitly configure spring.jpa.open-in-view to disable this warning
2025-02-27T11:41:51.259+07:00  WARN 11208 --- [doantonghiep] [restartedMain] o.s.data.convert.CustomConversions       : Registering converter from class microsoft.sql.DateTimeOffset to class java.time.OffsetDateTime as reading converter although it doesn't convert from a store-supported type; You might want to check your annotation setup at the converter implementation
2025-02-27T11:41:51.259+07:00  WARN 11208 --- [doantonghiep] [restartedMain] o.s.data.convert.CustomConversions       : Registering converter from class microsoft.sql.DateTimeOffset to class java.time.Instant as reading converter although it doesn't convert from a store-supported type; You might want to check your annotation setup at the converter implementation
2025-02-27T11:41:51.283+07:00  INFO 11208 --- [doantonghiep] [restartedMain] o.s.b.d.a.OptionalLiveReloadServer       : LiveReload server is running on port 35729
2025-02-27T11:41:51.310+07:00  INFO 11208 --- [doantonghiep] [restartedMain] o.s.b.w.embedded.tomcat.TomcatWebServer  : Tomcat started on port 8080 (http) with context path '/'
2025-02-27T11:41:51.316+07:00  INFO 11208 --- [doantonghiep] [restartedMain] c.n.d.DoantonghiepApplication            : Started DoantonghiepApplication in 2.888 seconds (process running for 19.096)
2025-02-27T11:41:51.319+07:00  INFO 11208 --- [doantonghiep] [restartedMain] .ConditionEvaluationDeltaLoggingListener : Condition evaluation unchanged
2025-02-27T11:41:55.009+07:00  INFO 11208 --- [doantonghiep] [http-nio-8080-exec-4] o.a.c.c.C.[Tomcat-1].[localhost].[/]     : Initializing Spring DispatcherServlet 'dispatcherServlet'
2025-02-27T11:41:55.009+07:00  INFO 11208 --- [doantonghiep] [http-nio-8080-exec-4] o.s.web.servlet.DispatcherServlet        : Initializing Servlet 'dispatcherServlet'
2025-02-27T11:41:55.010+07:00  INFO 11208 --- [doantonghiep] [http-nio-8080-exec-4] o.s.web.servlet.DispatcherServlet        : Completed initialization in 1 ms
2025-02-27T11:41:55.976+07:00  WARN 11208 --- [doantonghiep] [http-nio-8080-exec-4] actStandardFragmentInsertionTagProcessor : [THYMELEAF][http-nio-8080-exec-4][home] Deprecated unwrapped fragment expression "Layout/Header" found in template home, line 179, col 11. Please use the complete syntax of fragment expressions instead ("~{Layout/Header}"). The old, unwrapped syntax for fragment expressions will be removed in future versions of Thymeleaf.
2025-02-27T11:41:56.052+07:00  WARN 11208 --- [doantonghiep] [http-nio-8080-exec-4] actStandardFragmentInsertionTagProcessor : [THYMELEAF][http-nio-8080-exec-4][home] Deprecated unwrapped fragment expression "Layout/Footer" found in template home, line 249, col 11. Please use the complete syntax of fragment expressions instead ("~{Layout/Footer}"). The old, unwrapped syntax for fragment expressions will be removed in future versions of Thymeleaf.
2025-02-27T11:41:56.700+07:00  WARN 11208 --- [doantonghiep] [http-nio-8080-exec-5] actStandardFragmentInsertionTagProcessor : [THYMELEAF][http-nio-8080-exec-5][home] Deprecated unwrapped fragment expression "Layout/Header" found in template home, line 179, col 11. Please use the complete syntax of fragment expressions instead ("~{Layout/Header}"). The old, unwrapped syntax for fragment expressions will be removed in future versions of Thymeleaf.
2025-02-27T11:41:56.708+07:00  WARN 11208 --- [doantonghiep] [http-nio-8080-exec-5] actStandardFragmentInsertionTagProcessor : [THYMELEAF][http-nio-8080-exec-5][home] Deprecated unwrapped fragment expression "Layout/Footer" found in template home, line 249, col 11. Please use the complete syntax of fragment expressions instead ("~{Layout/Footer}"). The old, unwrapped syntax for fragment expressions will be removed in future versions of Thymeleaf.
2025-02-27T11:42:16.340+07:00  WARN 11208 --- [doantonghiep] [http-nio-8080-exec-9] actStandardFragmentInsertionTagProcessor : [THYMELEAF][http-nio-8080-exec-9][home] Deprecated unwrapped fragment expression "Layout/Header" found in template home, line 179, col 11. Please use the complete syntax of fragment expressions instead ("~{Layout/Header}"). The old, unwrapped syntax for fragment expressions will be removed in future versions of Thymeleaf.
2025-02-27T11:42:16.345+07:00  WARN 11208 --- [doantonghiep] [http-nio-8080-exec-9] actStandardFragmentInsertionTagProcessor : [THYMELEAF][http-nio-8080-exec-9][home] Deprecated unwrapped fragment expression "Layout/Footer" found in template home, line 249, col 11. Please use the complete syntax of fragment expressions instead ("~{Layout/Footer}"). The old, unwrapped syntax for fragment expressions will be removed in future versions of Thymeleaf.
2025-02-27T11:42:19.687+07:00  WARN 11208 --- [doantonghiep] [http-nio-8080-exec-10] actStandardFragmentInsertionTagProcessor : [THYMELEAF][http-nio-8080-exec-10][Admin/dashboard] Deprecated unwrapped fragment expression "Admin/Layout/header" found in template Admin/dashboard, line 110, col 11. Please use the complete syntax of fragment expressions instead ("~{Admin/Layout/header}"). The old, unwrapped syntax for fragment expressions will be removed in future versions of Thymeleaf.
2025-02-27T11:42:19.688+07:00  WARN 11208 --- [doantonghiep] [http-nio-8080-exec-10] actStandardFragmentInsertionTagProcessor : [THYMELEAF][http-nio-8080-exec-10][Admin/dashboard] Deprecated unwrapped fragment expression "Admin/Layout/navbar" found in template Admin/dashboard, line 113, col 11. Please use the complete syntax of fragment expressions instead ("~{Admin/Layout/navbar}"). The old, unwrapped syntax for fragment expressions will be removed in future versions of Thymeleaf.
2025-02-27T11:42:23.062+07:00  WARN 11208 --- [doantonghiep] [http-nio-8080-exec-3] actStandardFragmentInsertionTagProcessor : [THYMELEAF][http-nio-8080-exec-3][Admin/review/list] Deprecated unwrapped fragment expression "Admin/Layout/header" found in template Admin/review/list, line 89, col 11. Please use the complete syntax of fragment expressions instead ("~{Admin/Layout/header}"). The old, unwrapped syntax for fragment expressions will be removed in future versions of Thymeleaf.
2025-02-27T11:42:23.064+07:00  WARN 11208 --- [doantonghiep] [http-nio-8080-exec-3] actStandardFragmentInsertionTagProcessor : [THYMELEAF][http-nio-8080-exec-3][Admin/review/list] Deprecated unwrapped fragment expression "Admin/Layout/navbar" found in template Admin/review/list, line 92, col 11. Please use the complete syntax of fragment expressions instead ("~{Admin/Layout/navbar}"). The old, unwrapped syntax for fragment expressions will be removed in future versions of Thymeleaf.
2025-02-27T11:42:26.538+07:00  WARN 11208 --- [doantonghiep] [http-nio-8080-exec-4] actStandardFragmentInsertionTagProcessor : [THYMELEAF][http-nio-8080-exec-4][Profiles/Profile] Deprecated unwrapped fragment expression "Layout/Header" found in template Profiles/Profile, line 223, col 11. Please use the complete syntax of fragment expressions instead ("~{Layout/Header}"). The old, unwrapped syntax for fragment expressions will be removed in future versions of Thymeleaf.
2025-02-27T11:42:26.540+07:00  WARN 11208 --- [doantonghiep] [http-nio-8080-exec-4] actStandardFragmentInsertionTagProcessor : [THYMELEAF][http-nio-8080-exec-4][Profiles/Profile] Deprecated unwrapped fragment expression "Layout/Profile-navbar" found in template Profiles/Profile, line 228, col 15. Please use the complete syntax of fragment expressions instead ("~{Layout/Profile-navbar}"). The old, unwrapped syntax for fragment expressions will be removed in future versions of Thymeleaf.
2025-02-27T11:42:26.542+07:00  WARN 11208 --- [doantonghiep] [http-nio-8080-exec-4] actStandardFragmentInsertionTagProcessor : [THYMELEAF][http-nio-8080-exec-4][Profiles/Profile] Deprecated unwrapped fragment expression "Layout/Footer" found in template Profiles/Profile, line 260, col 11. Please use the complete syntax of fragment expressions instead ("~{Layout/Footer}"). The old, unwrapped syntax for fragment expressions will be removed in future versions of Thymeleaf.
2025-02-27T11:42:32.747+07:00  WARN 11208 --- [doantonghiep] [http-nio-8080-exec-2] actStandardFragmentInsertionTagProcessor : [THYMELEAF][http-nio-8080-exec-2][Profiles/Profile] Deprecated unwrapped fragment expression "Layout/Header" found in template Profiles/Profile, line 223, col 11. Please use the complete syntax of fragment expressions instead ("~{Layout/Header}"). The old, unwrapped syntax for fragment expressions will be removed in future versions of Thymeleaf.
2025-02-27T11:42:32.748+07:00  WARN 11208 --- [doantonghiep] [http-nio-8080-exec-2] actStandardFragmentInsertionTagProcessor : [THYMELEAF][http-nio-8080-exec-2][Profiles/Profile] Deprecated unwrapped fragment expression "Layout/Profile-navbar" found in template Profiles/Profile, line 228, col 15. Please use the complete syntax of fragment expressions instead ("~{Layout/Profile-navbar}"). The old, unwrapped syntax for fragment expressions will be removed in future versions of Thymeleaf.
2025-02-27T11:42:32.748+07:00  WARN 11208 --- [doantonghiep] [http-nio-8080-exec-2] actStandardFragmentInsertionTagProcessor : [THYMELEAF][http-nio-8080-exec-2][Profiles/Profile] Deprecated unwrapped fragment expression "Layout/Footer" found in template Profiles/Profile, line 260, col 11. Please use the complete syntax of fragment expressions instead ("~{Layout/Footer}"). The old, unwrapped syntax for fragment expressions will be removed in future versions of Thymeleaf.
2025-02-27T11:42:35.425+07:00  WARN 11208 --- [doantonghiep] [http-nio-8080-exec-1] actStandardFragmentInsertionTagProcessor : [THYMELEAF][http-nio-8080-exec-1][create-appointments] Deprecated unwrapped fragment expression "Layout/Header" found in template create-appointments, line 75, col 11. Please use the complete syntax of fragment expressions instead ("~{Layout/Header}"). The old, unwrapped syntax for fragment expressions will be removed in future versions of Thymeleaf.
2025-02-27T11:42:35.428+07:00  WARN 11208 --- [doantonghiep] [http-nio-8080-exec-1] actStandardFragmentInsertionTagProcessor : [THYMELEAF][http-nio-8080-exec-1][create-appointments] Deprecated unwrapped fragment expression "Layout/Footer" found in template create-appointments, line 110, col 11. Please use the complete syntax of fragment expressions instead ("~{Layout/Footer}"). The old, unwrapped syntax for fragment expressions will be removed in future versions of Thymeleaf.
2025-02-27T11:42:38.821+07:00  WARN 11208 --- [doantonghiep] [http-nio-8080-exec-4] actStandardFragmentInsertionTagProcessor : [THYMELEAF][http-nio-8080-exec-4][add-pet] Deprecated unwrapped fragment expression "Layout/Header" found in template add-pet, line 110, col 11. Please use the complete syntax of fragment expressions instead ("~{Layout/Header}"). The old, unwrapped syntax for fragment expressions will be removed in future versions of Thymeleaf.
2025-02-27T11:42:38.823+07:00  WARN 11208 --- [doantonghiep] [http-nio-8080-exec-4] actStandardFragmentInsertionTagProcessor : [THYMELEAF][http-nio-8080-exec-4][add-pet] Deprecated unwrapped fragment expression "Layout/Footer" found in template add-pet, line 194, col 11. Please use the complete syntax of fragment expressions instead ("~{Layout/Footer}"). The old, unwrapped syntax for fragment expressions will be removed in future versions of Thymeleaf.
2025-02-27T11:42:40.815+07:00  WARN 11208 --- [doantonghiep] [http-nio-8080-exec-6] actStandardFragmentInsertionTagProcessor : [THYMELEAF][http-nio-8080-exec-6][Chat] Deprecated unwrapped fragment expression "Layout/Header" found in template Chat, line 127, col 11. Please use the complete syntax of fragment expressions instead ("~{Layout/Header}"). The old, unwrapped syntax for fragment expressions will be removed in future versions of Thymeleaf.
2025-02-27T11:42:40.817+07:00  WARN 11208 --- [doantonghiep] [http-nio-8080-exec-6] actStandardFragmentInsertionTagProcessor : [THYMELEAF][http-nio-8080-exec-6][Chat] Deprecated unwrapped fragment expression "Layout/Footer" found in template Chat, line 152, col 11. Please use the complete syntax of fragment expressions instead ("~{Layout/Footer}"). The old, unwrapped syntax for fragment expressions will be removed in future versions of Thymeleaf.
2025-02-27T11:42:47.114+07:00  WARN 11208 --- [doantonghiep] [http-nio-8080-exec-1] actStandardFragmentInsertionTagProcessor : [THYMELEAF][http-nio-8080-exec-1][list-service] Deprecated unwrapped fragment expression "Layout/Header" found in template list-service, line 97, col 11. Please use the complete syntax of fragment expressions instead ("~{Layout/Header}"). The old, unwrapped syntax for fragment expressions will be removed in future versions of Thymeleaf.
2025-02-27T11:42:47.118+07:00  WARN 11208 --- [doantonghiep] [http-nio-8080-exec-1] actStandardFragmentInsertionTagProcessor : [THYMELEAF][http-nio-8080-exec-1][list-service] Deprecated unwrapped fragment expression "Layout/Footer" found in template list-service, line 139, col 11. Please use the complete syntax of fragment expressions instead ("~{Layout/Footer}"). The old, unwrapped syntax for fragment expressions will be removed in future versions of Thymeleaf.
2025-02-27T11:42:49.398+07:00  WARN 11208 --- [doantonghiep] [http-nio-8080-exec-3] actStandardFragmentInsertionTagProcessor : [THYMELEAF][http-nio-8080-exec-3][Service-detail] Deprecated unwrapped fragment expression "Layout/Header" found in template Service-detail, line 158, col 11. Please use the complete syntax of fragment expressions instead ("~{Layout/Header}"). The old, unwrapped syntax for fragment expressions will be removed in future versions of Thymeleaf.
2025-02-27T11:42:49.403+07:00  WARN 11208 --- [doantonghiep] [http-nio-8080-exec-3] actStandardFragmentInsertionTagProcessor : [THYMELEAF][http-nio-8080-exec-3][Service-detail] Deprecated unwrapped fragment expression "Layout/Footer" found in template Service-detail, line 230, col 11. Please use the complete syntax of fragment expressions instead ("~{Layout/Footer}"). The old, unwrapped syntax for fragment expressions will be removed in future versions of Thymeleaf.
2025-02-27T11:43:22.871+07:00  WARN 11208 --- [doantonghiep] [http-nio-8080-exec-5] actStandardFragmentInsertionTagProcessor : [THYMELEAF][http-nio-8080-exec-5][home] Deprecated unwrapped fragment expression "Layout/Header" found in template home, line 179, col 11. Please use the complete syntax of fragment expressions instead ("~{Layout/Header}"). The old, unwrapped syntax for fragment expressions will be removed in future versions of Thymeleaf.
2025-02-27T11:43:22.874+07:00  WARN 11208 --- [doantonghiep] [http-nio-8080-exec-5] actStandardFragmentInsertionTagProcessor : [THYMELEAF][http-nio-8080-exec-5][home] Deprecated unwrapped fragment expression "Layout/Footer" found in template home, line 249, col 11. Please use the complete syntax of fragment expressions instead ("~{Layout/Footer}"). The old, unwrapped syntax for fragment expressions will be removed in future versions of Thymeleaf.
2025-02-27T11:48:57.790+07:00  WARN 11208 --- [doantonghiep] [http-nio-8080-exec-8] actStandardFragmentInsertionTagProcessor : [THYMELEAF][http-nio-8080-exec-8][list-pets] Deprecated unwrapped fragment expression "Layout/Header" found in template list-pets, line 103, col 11. Please use the complete syntax of fragment expressions instead ("~{Layout/Header}"). The old, unwrapped syntax for fragment expressions will be removed in future versions of Thymeleaf.
2025-02-27T11:48:57.796+07:00  WARN 11208 --- [doantonghiep] [http-nio-8080-exec-8] actStandardFragmentInsertionTagProcessor : [THYMELEAF][http-nio-8080-exec-8][list-pets] Deprecated unwrapped fragment expression "Layout/Footer" found in template list-pets, line 167, col 11. Please use the complete syntax of fragment expressions instead ("~{Layout/Footer}"). The old, unwrapped syntax for fragment expressions will be removed in future versions of Thymeleaf.
2025-02-27T11:49:16.459+07:00  WARN 11208 --- [doantonghiep] [http-nio-8080-exec-10] actStandardFragmentInsertionTagProcessor : [THYMELEAF][http-nio-8080-exec-10][create-appointments] Deprecated unwrapped fragment expression "Layout/Header" found in template create-appointments, line 75, col 11. Please use the complete syntax of fragment expressions instead ("~{Layout/Header}"). The old, unwrapped syntax for fragment expressions will be removed in future versions of Thymeleaf.
2025-02-27T11:49:16.461+07:00  WARN 11208 --- [doantonghiep] [http-nio-8080-exec-10] actStandardFragmentInsertionTagProcessor : [THYMELEAF][http-nio-8080-exec-10][create-appointments] Deprecated unwrapped fragment expression "Layout/Footer" found in template create-appointments, line 110, col 11. Please use the complete syntax of fragment expressions instead ("~{Layout/Footer}"). The old, unwrapped syntax for fragment expressions will be removed in future versions of Thymeleaf.
2025-02-27T11:50:18.245+07:00  WARN 11208 --- [doantonghiep] [http-nio-8080-exec-7] actStandardFragmentInsertionTagProcessor : [THYMELEAF][http-nio-8080-exec-7][Profiles/Profile] Deprecated unwrapped fragment expression "Layout/Header" found in template Profiles/Profile, line 223, col 11. Please use the complete syntax of fragment expressions instead ("~{Layout/Header}"). The old, unwrapped syntax for fragment expressions will be removed in future versions of Thymeleaf.
2025-02-27T11:50:18.247+07:00  WARN 11208 --- [doantonghiep] [http-nio-8080-exec-7] actStandardFragmentInsertionTagProcessor : [THYMELEAF][http-nio-8080-exec-7][Profiles/Profile] Deprecated unwrapped fragment expression "Layout/Profile-navbar" found in template Profiles/Profile, line 228, col 15. Please use the complete syntax of fragment expressions instead ("~{Layout/Profile-navbar}"). The old, unwrapped syntax for fragment expressions will be removed in future versions of Thymeleaf.
2025-02-27T11:50:18.249+07:00  WARN 11208 --- [doantonghiep] [http-nio-8080-exec-7] actStandardFragmentInsertionTagProcessor : [THYMELEAF][http-nio-8080-exec-7][Profiles/Profile] Deprecated unwrapped fragment expression "Layout/Footer" found in template Profiles/Profile, line 260, col 11. Please use the complete syntax of fragment expressions instead ("~{Layout/Footer}"). The old, unwrapped syntax for fragment expressions will be removed in future versions of Thymeleaf.
2025-02-27T11:53:09.861+07:00  WARN 11208 --- [doantonghiep] [http-nio-8080-exec-1] actStandardFragmentInsertionTagProcessor : [THYMELEAF][http-nio-8080-exec-1][Admin/dashboard] Deprecated unwrapped fragment expression "Admin/Layout/header" found in template Admin/dashboard, line 110, col 11. Please use the complete syntax of fragment expressions instead ("~{Admin/Layout/header}"). The old, unwrapped syntax for fragment expressions will be removed in future versions of Thymeleaf.
2025-02-27T11:53:09.862+07:00  WARN 11208 --- [doantonghiep] [http-nio-8080-exec-1] actStandardFragmentInsertionTagProcessor : [THYMELEAF][http-nio-8080-exec-1][Admin/dashboard] Deprecated unwrapped fragment expression "Admin/Layout/navbar" found in template Admin/dashboard, line 113, col 11. Please use the complete syntax of fragment expressions instead ("~{Admin/Layout/navbar}"). The old, unwrapped syntax for fragment expressions will be removed in future versions of Thymeleaf.
2025-02-27T11:53:11.351+07:00  WARN 11208 --- [doantonghiep] [http-nio-8080-exec-10] actStandardFragmentInsertionTagProcessor : [THYMELEAF][http-nio-8080-exec-10][Admin/Users/List-User] Deprecated unwrapped fragment expression "Admin/Layout/header" found in template Admin/Users/List-User, line 50, col 11. Please use the complete syntax of fragment expressions instead ("~{Admin/Layout/header}"). The old, unwrapped syntax for fragment expressions will be removed in future versions of Thymeleaf.
2025-02-27T11:53:11.352+07:00  WARN 11208 --- [doantonghiep] [http-nio-8080-exec-10] actStandardFragmentInsertionTagProcessor : [THYMELEAF][http-nio-8080-exec-10][Admin/Users/List-User] Deprecated unwrapped fragment expression "Admin/Layout/navbar" found in template Admin/Users/List-User, line 51, col 11. Please use the complete syntax of fragment expressions instead ("~{Admin/Layout/navbar}"). The old, unwrapped syntax for fragment expressions will be removed in future versions of Thymeleaf.
2025-02-27T11:57:25.688+07:00  INFO 11208 --- [doantonghiep] [SpringApplicationShutdownHook] o.s.b.w.e.tomcat.GracefulShutdown        : Commencing graceful shutdown. Waiting for active requests to complete
2025-02-27T11:57:25.701+07:00  INFO 11208 --- [doantonghiep] [tomcat-shutdown] o.s.b.w.e.tomcat.GracefulShutdown        : Graceful shutdown complete
2025-02-27T11:57:25.705+07:00  INFO 11208 --- [doantonghiep] [SpringApplicationShutdownHook] j.LocalContainerEntityManagerFactoryBean : Closing JPA EntityManagerFactory for persistence unit 'default'
2025-02-27T11:57:25.706+07:00  INFO 11208 --- [doantonghiep] [SpringApplicationShutdownHook] com.zaxxer.hikari.HikariDataSource       : HikariPool-3 - Shutdown initiated...
2025-02-27T11:57:25.707+07:00  INFO 11208 --- [doantonghiep] [SpringApplicationShutdownHook] com.zaxxer.hikari.HikariDataSource       : HikariPool-3 - Shutdown completed.
